crates/tauri-plugin-plaguex-android/android/build/intermediates/manifest_merge_blame_file/release/processReleaseManifest/manifest-merger-blame-release-report.txt
1<?xml version="1.0" encoding="utf-8"?>
2<manifest xmlns:android="http://schemas.android.com/apk/res/android"
3    package="dev.plaguex.android" >
4
5    <uses-sdk android:minSdkVersion="24" />
6
7    <uses-permission android:name="android.permission.FOREGROUND_SERVICE" />
7-->src/main/AndroidManifest.xml:2:5-77
7-->src/main/AndroidManifest.xml:2:22-74
8    <uses-permission android:name="android.permission.FOREGROUND_SERVICE_DATA_SYNC" />
8-->src/main/AndroidManifest.xml:3:5-87
8-->src/main/AndroidManifest.xml:3:22-84
9    <uses-permission android:name="android.permission.POST_NOTIFICATIONS" />
9-->src/main/AndroidManifest.xml:4:5-77
9-->src/main/AndroidManifest.xml:4:22-74
10    <uses-permission android:name="android.permission.WAKE_LOCK" />
10-->src/main/AndroidManifest.xml:5:5-68
10-->src/main/AndroidManifest.xml:5:22-65
11
12    <application>
12-->src/main/AndroidManifest.xml:7:5-12:19
13        <service
13-->src/main/AndroidManifest.xml:8:9-11:56
14            android:name="dev.plaguex.android.DownloadService"
14-->src/main/AndroidManifest.xml:9:13-63
15            android:exported="false"
15-->src/main/AndroidManifest.xml:10:13-37
16            android:foregroundServiceType="dataSync" />
16-->src/main/AndroidManifest.xml:11:13-53
17    </application>
18
19</manifest>